jun 18, 2013 3:32:18 PM org.apache.catalina.core.AprLifecycleListener init
INFO: La biblioteca nativa de Apache Tomcat basada en ARP que permite un rendimiento óptimo en entornos de desarrollo no ha sido hallada en java.library.path: /Users/juan/Library/Java/Extensions:/Library/Java/Extensions:/Network/Library/Java/Extensions:/System/Library/Java/Extensions:/usr/lib/java:.
jun 18, 2013 3:32:18 PM org.apache.coyote.AbstractProtocol init
INFO: Initializing ProtocolHandler ["http-bio-8080"]
jun 18, 2013 3:32:18 PM org.apache.coyote.AbstractProtocol init
INFO: Initializing ProtocolHandler ["ajp-bio-8009"]
jun 18, 2013 3:32:18 PM org.apache.catalina.startup.Catalina load
INFO: Initialization processed in 1396 ms
jun 18, 2013 3:32:18 PM org.apache.catalina.core.StandardService startInternal
INFO: Arrancando servicio Catalina
jun 18, 2013 3:32:18 PM org.apache.catalina.core.StandardEngine startInternal
INFO: Starting Servlet Engine: Apache Tomcat/7.0.39
jun 18, 2013 3:32:18 PM org.apache.catalina.startup.HostConfig deployWAR
INFO: Despliegue del archivo /Users/juan/Dropbox/Proyectos/jease/webapps/ROOT.war de la aplicación web
jun 18, 2013 3:32:25 PM org.zkoss.zk.ui.http.WebManager <init>:114
INFO: Starting ZK 5.0.12-FL CE (build: 2012120318)
jun 18, 2013 3:32:25 PM org.zkoss.zk.ui.sys.ConfigParser parseConfigXml:160
INFO: Loading system default
jun 18, 2013 3:32:25 PM org.zkoss.zk.ui.sys.ConfigParser parse:276
INFO: Parsing jar:file:/Users/juan/Dropbox/Proyectos/jease/webapps/ROOT/WEB-INF/lib/jfix.jar!/metainfo/zk/zk.xml
jun 18, 2013 3:32:27 PM org.apache.coyote.AbstractProtocol start
INFO: Starting ProtocolHandler ["http-bio-8080"]
jun 18, 2013 3:32:27 PM org.apache.coyote.AbstractProtocol start
INFO: Starting ProtocolHandler ["ajp-bio-8009"]
jun 18, 2013 3:32:27 PM org.apache.catalina.startup.Catalina start
INFO: Server startup in 8129 ms
jun 18, 2013 3:50:43 PM org.apache.catalina.core.StandardServer await
INFO: Se ha recibido un comando de apagado a través del puerto de apagado. Parando la instancia del Servidor.
jun 18, 2013 3:50:43 PM org.apache.coyote.AbstractProtocol pause
INFO: Pausing ProtocolHandler ["http-bio-8080"]
jun 18, 2013 3:50:43 PM org.apache.coyote.AbstractProtocol pause
INFO: Pausing ProtocolHandler ["ajp-bio-8009"]
jun 18, 2013 3:50:43 PM org.apache.catalina.core.StandardService stopInternal
INFO: Parando servicio Catalina
jun 18, 2013 3:50:44 PM org.apache.coyote.AbstractProtocol stop
INFO: Stopping ProtocolHandler ["http-bio-8080"]
jun 18, 2013 3:50:44 PM org.apache.coyote.AbstractProtocol stop
INFO: Stopping ProtocolHandler ["ajp-bio-8009"]
jun 18, 2013 3:50:44 PM org.apache.coyote.AbstractProtocol destroy
INFO: Destroying ProtocolHandler ["http-bio-8080"]
jun 18, 2013 3:50:44 PM org.apache.coyote.AbstractProtocol destroy
INFO: Destroying ProtocolHandler ["ajp-bio-8009"]
jun 18, 2013 3:50:47 PM org.apache.catalina.core.AprLifecycleListener init
INFO: La biblioteca nativa de Apache Tomcat basada en ARP que permite un rendimiento óptimo en entornos de desarrollo no ha sido hallada en java.library.path: /Users/juan/Library/Java/Extensions:/Library/Java/Extensions:/Network/Library/Java/Extensions:/System/Library/Java/Extensions:/usr/lib/java:.
jun 18, 2013 3:50:47 PM org.apache.coyote.AbstractProtocol init
INFO: Initializing ProtocolHandler ["http-bio-8080"]
jun 18, 2013 3:50:47 PM org.apache.coyote.AbstractProtocol init
INFO: Initializing ProtocolHandler ["ajp-bio-8009"]
jun 18, 2013 3:50:47 PM org.apache.catalina.startup.Catalina load
INFO: Initialization processed in 1262 ms
jun 18, 2013 3:50:47 PM org.apache.catalina.core.StandardService startInternal
INFO: Arrancando servicio Catalina
jun 18, 2013 3:50:47 PM org.apache.catalina.core.StandardEngine startInternal
INFO: Starting Servlet Engine: Apache Tomcat/7.0.39
jun 18, 2013 3:50:47 PM org.apache.catalina.startup.HostConfig deployWAR
INFO: Despliegue del archivo /Users/juan/Dropbox/Proyectos/jease/webapps/ROOT.war de la aplicación web
jun 18, 2013 3:50:56 PM org.zkoss.zk.ui.http.WebManager <init>:114
INFO: Starting ZK 5.0.12-FL CE (build: 2012120318)
jun 18, 2013 3:50:56 PM org.zkoss.zk.ui.sys.ConfigParser parseConfigXml:160
INFO: Loading system default
jun 18, 2013 3:50:56 PM org.zkoss.zk.ui.sys.ConfigParser parse:276
INFO: Parsing jar:file:/Users/juan/Dropbox/Proyectos/jease/webapps/ROOT/WEB-INF/lib/jfix.jar!/metainfo/zk/zk.xml
jun 18, 2013 3:50:58 PM org.apache.coyote.AbstractProtocol start
INFO: Starting ProtocolHandler ["http-bio-8080"]
jun 18, 2013 3:50:58 PM org.apache.coyote.AbstractProtocol start
INFO: Starting ProtocolHandler ["ajp-bio-8009"]
jun 18, 2013 3:50:58 PM org.apache.catalina.startup.Catalina start
INFO: Server startup in 10798 ms
jun 18, 2013 3:55:57 PM org.apache.catalina.core.AprLifecycleListener init
INFO: La biblioteca nativa de Apache Tomcat basada en ARP que permite un rendimiento óptimo en entornos de desarrollo no ha sido hallada en java.library.path: /Users/juan/Library/Java/Extensions:/Library/Java/Extensions:/Network/Library/Java/Extensions:/System/Library/Java/Extensions:/usr/lib/java:.
jun 18, 2013 3:55:58 PM org.apache.coyote.AbstractProtocol init
INFO: Initializing ProtocolHandler ["http-bio-8080"]
jun 18, 2013 3:55:58 PM org.apache.coyote.AbstractProtocol init
SEVERE: Failed to initialize end point associated with ProtocolHandler ["http-bio-8080"]
java.net.BindException: Address already in use <null>:8080
	at org.apache.tomcat.util.net.JIoEndpoint.bind(JIoEndpoint.java:406)
	at org.apache.tomcat.util.net.AbstractEndpoint.init(AbstractEndpoint.java:610)
	at org.apache.coyote.AbstractProtocol.init(AbstractProtocol.java:429)
	at org.apache.coyote.http11.AbstractHttp11JsseProtocol.init(AbstractHttp11JsseProtocol.java:119)
	at org.apache.catalina.connector.Connector.initInternal(Connector.java:981)
	at org.apache.catalina.util.LifecycleBase.init(LifecycleBase.java:102)
	at org.apache.catalina.core.StandardService.initInternal(StandardService.java:559)
	at org.apache.catalina.util.LifecycleBase.init(LifecycleBase.java:102)
	at org.apache.catalina.core.StandardServer.initInternal(StandardServer.java:814)
	at org.apache.catalina.util.LifecycleBase.init(LifecycleBase.java:102)
	at org.apache.catalina.startup.Catalina.load(Catalina.java:633)
	at org.apache.catalina.startup.Catalina.load(Catalina.java:658)
	at sun.reflect.NativeMethodAccessorImpl.invoke0(Native Method)
	at sun.reflect.NativeMethodAccessorImpl.invoke(NativeMethodAccessorImpl.java:57)
	at sun.reflect.DelegatingMethodAccessorImpl.invoke(DelegatingMethodAccessorImpl.java:43)
	at java.lang.reflect.Method.invoke(Method.java:601)
	at org.apache.catalina.startup.Bootstrap.load(Bootstrap.java:281)
	at org.apache.catalina.startup.Bootstrap.main(Bootstrap.java:455)
Caused by: java.net.BindException: Address already in use
	at java.net.PlainSocketImpl.socketBind(Native Method)
	at java.net.AbstractPlainSocketImpl.bind(AbstractPlainSocketImpl.java:376)
	at java.net.ServerSocket.bind(ServerSocket.java:376)
	at java.net.ServerSocket.<init>(ServerSocket.java:237)
	at java.net.ServerSocket.<init>(ServerSocket.java:181)
	at org.apache.tomcat.util.net.DefaultServerSocketFactory.createSocket(DefaultServerSocketFactory.java:49)
	at org.apache.tomcat.util.net.JIoEndpoint.bind(JIoEndpoint.java:393)
	... 17 more

jun 18, 2013 3:55:58 PM org.apache.catalina.core.StandardService initInternal
SEVERE: No pude inicializar el conector [Connector[HTTP/1.1-8080]]
org.apache.catalina.LifecycleException: Failed to initialize component [Connector[HTTP/1.1-8080]]
	at org.apache.catalina.util.LifecycleBase.init(LifecycleBase.java:106)
	at org.apache.catalina.core.StandardService.initInternal(StandardService.java:559)
	at org.apache.catalina.util.LifecycleBase.init(LifecycleBase.java:102)
	at org.apache.catalina.core.StandardServer.initInternal(StandardServer.java:814)
	at org.apache.catalina.util.LifecycleBase.init(LifecycleBase.java:102)
	at org.apache.catalina.startup.Catalina.load(Catalina.java:633)
	at org.apache.catalina.startup.Catalina.load(Catalina.java:658)
	at sun.reflect.NativeMethodAccessorImpl.invoke0(Native Method)
	at sun.reflect.NativeMethodAccessorImpl.invoke(NativeMethodAccessorImpl.java:57)
	at sun.reflect.DelegatingMethodAccessorImpl.invoke(DelegatingMethodAccessorImpl.java:43)
	at java.lang.reflect.Method.invoke(Method.java:601)
	at org.apache.catalina.startup.Bootstrap.load(Bootstrap.java:281)
	at org.apache.catalina.startup.Bootstrap.main(Bootstrap.java:455)
Caused by: org.apache.catalina.LifecycleException: Falló la inicialización del manejador de protocolo
	at org.apache.catalina.connector.Connector.initInternal(Connector.java:983)
	at org.apache.catalina.util.LifecycleBase.init(LifecycleBase.java:102)
	... 12 more
Caused by: java.net.BindException: Address already in use <null>:8080
	at org.apache.tomcat.util.net.JIoEndpoint.bind(JIoEndpoint.java:406)
	at org.apache.tomcat.util.net.AbstractEndpoint.init(AbstractEndpoint.java:610)
	at org.apache.coyote.AbstractProtocol.init(AbstractProtocol.java:429)
	at org.apache.coyote.http11.AbstractHttp11JsseProtocol.init(AbstractHttp11JsseProtocol.java:119)
	at org.apache.catalina.connector.Connector.initInternal(Connector.java:981)
	... 13 more
Caused by: java.net.BindException: Address already in use
	at java.net.PlainSocketImpl.socketBind(Native Method)
	at java.net.AbstractPlainSocketImpl.bind(AbstractPlainSocketImpl.java:376)
	at java.net.ServerSocket.bind(ServerSocket.java:376)
	at java.net.ServerSocket.<init>(ServerSocket.java:237)
	at java.net.ServerSocket.<init>(ServerSocket.java:181)
	at org.apache.tomcat.util.net.DefaultServerSocketFactory.createSocket(DefaultServerSocketFactory.java:49)
	at org.apache.tomcat.util.net.JIoEndpoint.bind(JIoEndpoint.java:393)
	... 17 more

jun 18, 2013 3:55:58 PM org.apache.coyote.AbstractProtocol init
INFO: Initializing ProtocolHandler ["ajp-bio-8009"]
jun 18, 2013 3:55:58 PM org.apache.coyote.AbstractProtocol init
SEVERE: Failed to initialize end point associated with ProtocolHandler ["ajp-bio-8009"]
java.net.BindException: Address already in use <null>:8009
	at org.apache.tomcat.util.net.JIoEndpoint.bind(JIoEndpoint.java:406)
	at org.apache.tomcat.util.net.AbstractEndpoint.init(AbstractEndpoint.java:610)
	at org.apache.coyote.AbstractProtocol.init(AbstractProtocol.java:429)
	at org.apache.catalina.connector.Connector.initInternal(Connector.java:981)
	at org.apache.catalina.util.LifecycleBase.init(LifecycleBase.java:102)
	at org.apache.catalina.core.StandardService.initInternal(StandardService.java:559)
	at org.apache.catalina.util.LifecycleBase.init(LifecycleBase.java:102)
	at org.apache.catalina.core.StandardServer.initInternal(StandardServer.java:814)
	at org.apache.catalina.util.LifecycleBase.init(LifecycleBase.java:102)
	at org.apache.catalina.startup.Catalina.load(Catalina.java:633)
	at org.apache.catalina.startup.Catalina.load(Catalina.java:658)
	at sun.reflect.NativeMethodAccessorImpl.invoke0(Native Method)
	at sun.reflect.NativeMethodAccessorImpl.invoke(NativeMethodAccessorImpl.java:57)
	at sun.reflect.DelegatingMethodAccessorImpl.invoke(DelegatingMethodAccessorImpl.java:43)
	at java.lang.reflect.Method.invoke(Method.java:601)
	at org.apache.catalina.startup.Bootstrap.load(Bootstrap.java:281)
	at org.apache.catalina.startup.Bootstrap.main(Bootstrap.java:455)
Caused by: java.net.BindException: Address already in use
	at java.net.PlainSocketImpl.socketBind(Native Method)
	at java.net.AbstractPlainSocketImpl.bind(AbstractPlainSocketImpl.java:376)
	at java.net.ServerSocket.bind(ServerSocket.java:376)
	at java.net.ServerSocket.<init>(ServerSocket.java:237)
	at java.net.ServerSocket.<init>(ServerSocket.java:181)
	at org.apache.tomcat.util.net.DefaultServerSocketFactory.createSocket(DefaultServerSocketFactory.java:49)
	at org.apache.tomcat.util.net.JIoEndpoint.bind(JIoEndpoint.java:393)
	... 16 more

jun 18, 2013 3:55:58 PM org.apache.catalina.core.StandardService initInternal
SEVERE: No pude inicializar el conector [Connector[AJP/1.3-8009]]
org.apache.catalina.LifecycleException: Failed to initialize component [Connector[AJP/1.3-8009]]
	at org.apache.catalina.util.LifecycleBase.init(LifecycleBase.java:106)
	at org.apache.catalina.core.StandardService.initInternal(StandardService.java:559)
	at org.apache.catalina.util.LifecycleBase.init(LifecycleBase.java:102)
	at org.apache.catalina.core.StandardServer.initInternal(StandardServer.java:814)
	at org.apache.catalina.util.LifecycleBase.init(LifecycleBase.java:102)
	at org.apache.catalina.startup.Catalina.load(Catalina.java:633)
	at org.apache.catalina.startup.Catalina.load(Catalina.java:658)
	at sun.reflect.NativeMethodAccessorImpl.invoke0(Native Method)
	at sun.reflect.NativeMethodAccessorImpl.invoke(NativeMethodAccessorImpl.java:57)
	at sun.reflect.DelegatingMethodAccessorImpl.invoke(DelegatingMethodAccessorImpl.java:43)
	at java.lang.reflect.Method.invoke(Method.java:601)
	at org.apache.catalina.startup.Bootstrap.load(Bootstrap.java:281)
	at org.apache.catalina.startup.Bootstrap.main(Bootstrap.java:455)
Caused by: org.apache.catalina.LifecycleException: Falló la inicialización del manejador de protocolo
	at org.apache.catalina.connector.Connector.initInternal(Connector.java:983)
	at org.apache.catalina.util.LifecycleBase.init(LifecycleBase.java:102)
	... 12 more
Caused by: java.net.BindException: Address already in use <null>:8009
	at org.apache.tomcat.util.net.JIoEndpoint.bind(JIoEndpoint.java:406)
	at org.apache.tomcat.util.net.AbstractEndpoint.init(AbstractEndpoint.java:610)
	at org.apache.coyote.AbstractProtocol.init(AbstractProtocol.java:429)
	at org.apache.catalina.connector.Connector.initInternal(Connector.java:981)
	... 13 more
Caused by: java.net.BindException: Address already in use
	at java.net.PlainSocketImpl.socketBind(Native Method)
	at java.net.AbstractPlainSocketImpl.bind(AbstractPlainSocketImpl.java:376)
	at java.net.ServerSocket.bind(ServerSocket.java:376)
	at java.net.ServerSocket.<init>(ServerSocket.java:237)
	at java.net.ServerSocket.<init>(ServerSocket.java:181)
	at org.apache.tomcat.util.net.DefaultServerSocketFactory.createSocket(DefaultServerSocketFactory.java:49)
	at org.apache.tomcat.util.net.JIoEndpoint.bind(JIoEndpoint.java:393)
	... 16 more

jun 18, 2013 3:55:58 PM org.apache.catalina.startup.Catalina load
INFO: Initialization processed in 1108 ms
jun 18, 2013 3:55:58 PM org.apache.catalina.core.StandardService startInternal
INFO: Arrancando servicio Catalina
jun 18, 2013 3:55:58 PM org.apache.catalina.core.StandardEngine startInternal
INFO: Starting Servlet Engine: Apache Tomcat/7.0.39
jun 18, 2013 3:55:58 PM org.apache.catalina.startup.HostConfig deployWAR
INFO: Despliegue del archivo /Users/juan/Dropbox/Proyectos/jease/webapps/ROOT.war de la aplicación web
jun 18, 2013 3:56:00 PM org.apache.catalina.core.StandardServer await
INFO: Se ha recibido un comando de apagado a través del puerto de apagado. Parando la instancia del Servidor.
jun 18, 2013 3:56:00 PM org.apache.coyote.AbstractProtocol pause
INFO: Pausing ProtocolHandler ["http-bio-8080"]
jun 18, 2013 3:56:00 PM org.apache.coyote.AbstractProtocol pause
INFO: Pausing ProtocolHandler ["ajp-bio-8009"]
jun 18, 2013 3:56:00 PM org.apache.catalina.core.StandardService stopInternal
INFO: Parando servicio Catalina
jun 18, 2013 3:56:00 PM org.apache.coyote.AbstractProtocol stop
INFO: Stopping ProtocolHandler ["http-bio-8080"]
jun 18, 2013 3:56:00 PM org.apache.coyote.AbstractProtocol stop
INFO: Stopping ProtocolHandler ["ajp-bio-8009"]
jun 18, 2013 3:56:00 PM org.apache.coyote.AbstractProtocol destroy
INFO: Destroying ProtocolHandler ["http-bio-8080"]
jun 18, 2013 3:56:00 PM org.apache.coyote.AbstractProtocol destroy
INFO: Destroying ProtocolHandler ["ajp-bio-8009"]
jun 18, 2013 3:56:04 PM org.apache.catalina.core.AprLifecycleListener init
INFO: La biblioteca nativa de Apache Tomcat basada en ARP que permite un rendimiento óptimo en entornos de desarrollo no ha sido hallada en java.library.path: /Users/juan/Library/Java/Extensions:/Library/Java/Extensions:/Network/Library/Java/Extensions:/System/Library/Java/Extensions:/usr/lib/java:.
jun 18, 2013 3:56:05 PM org.zkoss.zk.ui.http.WebManager <init>:114
INFO: Starting ZK 5.0.12-FL CE (build: 2012120318)
jun 18, 2013 3:56:05 PM org.zkoss.zk.ui.sys.ConfigParser parseConfigXml:160
INFO: Loading system default
jun 18, 2013 3:56:05 PM org.zkoss.zk.ui.sys.ConfigParser parse:276
INFO: Parsing jar:file:/Users/juan/Dropbox/Proyectos/jease/webapps/ROOT/WEB-INF/lib/jfix.jar!/metainfo/zk/zk.xml
jun 18, 2013 3:56:05 PM org.apache.coyote.AbstractProtocol init
INFO: Initializing ProtocolHandler ["http-bio-8080"]
jun 18, 2013 3:56:06 PM org.apache.coyote.AbstractProtocol init
INFO: Initializing ProtocolHandler ["ajp-bio-8009"]
jun 18, 2013 3:56:06 PM org.apache.catalina.startup.Catalina load
INFO: Initialization processed in 2437 ms
jun 18, 2013 3:56:06 PM org.apache.catalina.core.StandardService startInternal
INFO: Arrancando servicio Catalina
jun 18, 2013 3:56:06 PM org.apache.catalina.core.StandardEngine startInternal
INFO: Starting Servlet Engine: Apache Tomcat/7.0.39
jun 18, 2013 3:56:06 PM org.apache.catalina.startup.HostConfig deployWAR
INFO: Despliegue del archivo /Users/juan/Dropbox/Proyectos/jease/webapps/ROOT.war de la aplicación web
jun 18, 2013 3:56:08 PM org.apache.catalina.startup.Catalina start
INFO: Server startup in 10510 ms
jun 18, 2013 3:56:13 PM org.apache.catalina.core.StandardContext startInternal
SEVERE: Error listenerStart
jun 18, 2013 3:56:13 PM org.apache.catalina.core.StandardContext startInternal
SEVERE: Falló en arranque del Contexto [] debido a errores previos
jun 18, 2013 3:56:13 PM org.apache.coyote.AbstractProtocol start
INFO: Starting ProtocolHandler ["http-bio-8080"]
jun 18, 2013 3:56:13 PM org.apache.coyote.AbstractProtocol start
INFO: Starting ProtocolHandler ["ajp-bio-8009"]
jun 18, 2013 3:56:13 PM org.apache.catalina.startup.Catalina start
INFO: Server startup in 7828 ms
jun 18, 2013 3:56:13 PM org.apache.catalina.core.StandardServer await
SEVERE: StandardServer.await: create[localhost:8005]: 
java.net.BindException: Address already in use
	at java.net.PlainSocketImpl.socketBind(Native Method)
	at java.net.AbstractPlainSocketImpl.bind(AbstractPlainSocketImpl.java:376)
	at java.net.ServerSocket.bind(ServerSocket.java:376)
	at java.net.ServerSocket.<init>(ServerSocket.java:237)
	at org.apache.catalina.core.StandardServer.await(StandardServer.java:427)
	at org.apache.catalina.startup.Catalina.await(Catalina.java:766)
	at org.apache.catalina.startup.Catalina.start(Catalina.java:712)
	at sun.reflect.NativeMethodAccessorImpl.invoke0(Native Method)
	at sun.reflect.NativeMethodAccessorImpl.invoke(NativeMethodAccessorImpl.java:57)
	at sun.reflect.DelegatingMethodAccessorImpl.invoke(DelegatingMethodAccessorImpl.java:43)
	at java.lang.reflect.Method.invoke(Method.java:601)
	at org.apache.catalina.startup.Bootstrap.start(Bootstrap.java:322)
	at org.apache.catalina.startup.Bootstrap.main(Bootstrap.java:456)

jun 18, 2013 3:56:13 PM org.apache.coyote.AbstractProtocol pause
INFO: Pausing ProtocolHandler ["http-bio-8080"]
jun 18, 2013 3:56:13 PM org.apache.coyote.AbstractProtocol pause
INFO: Pausing ProtocolHandler ["ajp-bio-8009"]
jun 18, 2013 3:56:13 PM org.apache.catalina.core.StandardService stopInternal
INFO: Parando servicio Catalina
jun 18, 2013 3:56:13 PM org.apache.coyote.AbstractProtocol stop
INFO: Stopping ProtocolHandler ["http-bio-8080"]
jun 18, 2013 3:56:13 PM org.apache.coyote.AbstractProtocol stop
INFO: Stopping ProtocolHandler ["ajp-bio-8009"]
jun 18, 2013 3:56:13 PM org.apache.coyote.AbstractProtocol destroy
INFO: Destroying ProtocolHandler ["http-bio-8080"]
jun 18, 2013 3:56:13 PM org.apache.coyote.AbstractProtocol destroy
INFO: Destroying ProtocolHandler ["ajp-bio-8009"]
jun 18, 2013 3:57:35 PM org.apache.catalina.core.StandardServer await
INFO: Se ha recibido un comando de apagado a través del puerto de apagado. Parando la instancia del Servidor.
jun 18, 2013 3:57:35 PM org.apache.coyote.AbstractProtocol pause
INFO: Pausing ProtocolHandler ["http-bio-8080"]
jun 18, 2013 3:57:35 PM org.apache.coyote.AbstractProtocol pause
INFO: Pausing ProtocolHandler ["ajp-bio-8009"]
jun 18, 2013 3:57:35 PM org.apache.catalina.core.StandardService stopInternal
INFO: Parando servicio Catalina
jun 18, 2013 3:57:35 PM org.apache.coyote.AbstractProtocol stop
INFO: Stopping ProtocolHandler ["http-bio-8080"]
jun 18, 2013 3:57:35 PM org.apache.coyote.AbstractProtocol destroy
INFO: Destroying ProtocolHandler ["http-bio-8080"]
jun 18, 2013 3:57:35 PM org.apache.coyote.AbstractProtocol stop
INFO: Stopping ProtocolHandler ["ajp-bio-8009"]
jun 18, 2013 3:57:35 PM org.apache.coyote.AbstractProtocol destroy
INFO: Destroying ProtocolHandler ["ajp-bio-8009"]
jun 18, 2013 3:57:42 PM org.apache.catalina.core.AprLifecycleListener init
INFO: La biblioteca nativa de Apache Tomcat basada en ARP que permite un rendimiento óptimo en entornos de desarrollo no ha sido hallada en java.library.path: /Users/juan/Library/Java/Extensions:/Library/Java/Extensions:/Network/Library/Java/Extensions:/System/Library/Java/Extensions:/usr/lib/java:.
jun 18, 2013 3:57:42 PM org.apache.coyote.AbstractProtocol init
INFO: Initializing ProtocolHandler ["http-bio-8080"]
jun 18, 2013 3:57:42 PM org.apache.coyote.AbstractProtocol init
INFO: Initializing ProtocolHandler ["ajp-bio-8009"]
jun 18, 2013 3:57:42 PM org.apache.catalina.startup.Catalina load
INFO: Initialization processed in 1251 ms
jun 18, 2013 3:57:42 PM org.apache.catalina.core.StandardService startInternal
INFO: Arrancando servicio Catalina
jun 18, 2013 3:57:42 PM org.apache.catalina.core.StandardEngine startInternal
INFO: Starting Servlet Engine: Apache Tomcat/7.0.39
jun 18, 2013 3:57:42 PM org.apache.catalina.startup.HostConfig deployWAR
INFO: Despliegue del archivo /Users/juan/Dropbox/Proyectos/jease/webapps/ROOT.war de la aplicación web
jun 18, 2013 3:57:48 PM org.zkoss.zk.ui.http.WebManager <init>:114
INFO: Starting ZK 5.0.12-FL CE (build: 2012120318)
jun 18, 2013 3:57:48 PM org.zkoss.zk.ui.sys.ConfigParser parseConfigXml:160
INFO: Loading system default
jun 18, 2013 3:57:48 PM org.zkoss.zk.ui.sys.ConfigParser parse:276
INFO: Parsing jar:file:/Users/juan/Dropbox/Proyectos/jease/webapps/ROOT/WEB-INF/lib/jfix.jar!/metainfo/zk/zk.xml
jun 18, 2013 3:57:50 PM org.apache.coyote.AbstractProtocol start
INFO: Starting ProtocolHandler ["http-bio-8080"]
jun 18, 2013 3:57:50 PM org.apache.coyote.AbstractProtocol start
INFO: Starting ProtocolHandler ["ajp-bio-8009"]
jun 18, 2013 3:57:50 PM org.apache.catalina.startup.Catalina start
INFO: Server startup in 7251 ms
