jun 18, 2013 3:56:13 PM org.apache.catalina.core.StandardContext listenerStart
SEVERE: Excepción enviando evento inicializado de contexto a instancia de escuchador de clase jease.cms.web.servlet.JeaseServletListener
java.lang.RuntimeException: /Users/juan/db4o/jease/db4o.yap
	at jfix.db4o.Database.open(Database.java:73)
	at jease.cms.web.servlet.JeaseServletListener.initDatabase(JeaseServletListener.java:71)
	at jease.cms.web.servlet.JeaseServletListener.contextInitialized(JeaseServletListener.java:38)
	at org.apache.catalina.core.StandardContext.listenerStart(StandardContext.java:4887)
	at org.apache.catalina.core.StandardContext.startInternal(StandardContext.java:5381)
	at org.apache.catalina.util.LifecycleBase.start(LifecycleBase.java:150)
	at org.apache.catalina.core.ContainerBase.addChildInternal(ContainerBase.java:901)
	at org.apache.catalina.core.ContainerBase.addChild(ContainerBase.java:877)
	at org.apache.catalina.core.StandardHost.addChild(StandardHost.java:633)
	at org.apache.catalina.startup.HostConfig.deployWAR(HostConfig.java:977)
	at org.apache.catalina.startup.HostConfig$DeployWar.run(HostConfig.java:1655)
	at java.util.concurrent.Executors$RunnableAdapter.call(Executors.java:471)
	at java.util.concurrent.FutureTask$Sync.innerRun(FutureTask.java:334)
	at java.util.concurrent.FutureTask.run(FutureTask.java:166)
	at java.util.concurrent.ThreadPoolExecutor.runWorker(ThreadPoolExecutor.java:1145)
	at java.util.concurrent.ThreadPoolExecutor$Worker.run(ThreadPoolExecutor.java:615)
	at java.lang.Thread.run(Thread.java:722)
Caused by: com.db4o.ext.DatabaseFileLockedException: /Users/juan/db4o/jease/db4o.yap
	at com.db4o.internal.JDK_1_4.lockFile(JDK_1_4.java:64)
	at com.db4o.internal.Platform4.lockFile(Platform4.java:439)
	at com.db4o.io.RandomAccessFileFactory.newRandomAccessFile(RandomAccessFileFactory.java:21)
	at com.db4o.io.FileStorage$FileBin.<init>(FileStorage.java:43)
	at com.db4o.io.FileStorage.open(FileStorage.java:22)
	at com.db4o.io.StorageDecorator.open(StorageDecorator.java:27)
	at com.db4o.internal.IoAdaptedObjectContainer.openImpl(IoAdaptedObjectContainer.java:57)
	at com.db4o.internal.ObjectContainerBase$1.run(ObjectContainerBase.java:140)
	at com.db4o.foundation.DynamicVariable.with(DynamicVariable.java:54)
	at com.db4o.foundation.Environments.runWith(Environments.java:28)
	at com.db4o.internal.ObjectContainerBase.withEnvironment(ObjectContainerBase.java:161)
	at com.db4o.internal.ObjectContainerBase.open(ObjectContainerBase.java:131)
	at com.db4o.internal.IoAdaptedObjectContainer.<init>(IoAdaptedObjectContainer.java:35)
	at com.db4o.internal.ObjectContainerFactory.openObjectContainer(ObjectContainerFactory.java:18)
	at com.db4o.Db4oEmbedded.openFile(Db4oEmbedded.java:65)
	at jfix.db4o.engine.PersistenceEngineDb4o.openEngine(PersistenceEngineDb4o.java:55)
	at jfix.db4o.engine.PersistenceEngineDb4o.open(PersistenceEngineDb4o.java:40)
	at jfix.db4o.Database.open(Database.java:69)
	... 16 more

jun 18, 2013 3:56:13 PM org.apache.catalina.core.StandardContext listenerStop
SEVERE: Excepción enviando evento de contexto destruído a instancia de escuchador de clase jease.cms.web.servlet.JeaseServletListener
java.lang.NullPointerException
	at jfix.db4o.Database.close(Database.java:81)
	at jease.cms.web.servlet.JeaseServletListener.closeDatabase(JeaseServletListener.java:78)
	at jease.cms.web.servlet.JeaseServletListener.contextDestroyed(JeaseServletListener.java:44)
	at org.apache.catalina.core.StandardContext.listenerStop(StandardContext.java:4927)
	at org.apache.catalina.core.StandardContext.stopInternal(StandardContext.java:5573)
	at org.apache.catalina.util.LifecycleBase.stop(LifecycleBase.java:232)
	at org.apache.catalina.util.LifecycleBase.start(LifecycleBase.java:160)
	at org.apache.catalina.core.ContainerBase.addChildInternal(ContainerBase.java:901)
	at org.apache.catalina.core.ContainerBase.addChild(ContainerBase.java:877)
	at org.apache.catalina.core.StandardHost.addChild(StandardHost.java:633)
	at org.apache.catalina.startup.HostConfig.deployWAR(HostConfig.java:977)
	at org.apache.catalina.startup.HostConfig$DeployWar.run(HostConfig.java:1655)
	at java.util.concurrent.Executors$RunnableAdapter.call(Executors.java:471)
	at java.util.concurrent.FutureTask$Sync.innerRun(FutureTask.java:334)
	at java.util.concurrent.FutureTask.run(FutureTask.java:166)
	at java.util.concurrent.ThreadPoolExecutor.runWorker(ThreadPoolExecutor.java:1145)
	at java.util.concurrent.ThreadPoolExecutor$Worker.run(ThreadPoolExecutor.java:615)
	at java.lang.Thread.run(Thread.java:722)

